This file contains any messages produced by compilers while
running configure, to aid debugging if configure makes a mistake.

It was created by configure, which was
generated by GNU Autoconf 2.59.  Invocation command line was

  $ ./configure 

## --------- ##
## Platform. ##
## --------- ##

hostname = joenix
uname -m = x86_64
uname -r = 4.15.0-74-lowlatency
uname -s = Linux
uname -v = #84-Ubuntu SMP PREEMPT Thu Dec 19 08:50:32 UTC 2019

/usr/bin/uname -p = unknown
/bin/uname -X     = unknown

/bin/arch              = unknown
/usr/bin/arch -k       = unknown
/usr/convex/getsysinfo = unknown
hostinfo               = unknown
/bin/machine           = unknown
/usr/bin/oslevel       = unknown
/bin/universe          = unknown

PATH: /home/joei/bin
PATH: /home/joei/.local/bin
PATH: /usr/local/sbin
PATH: /usr/local/bin
PATH: /usr/sbin
PATH: /usr/bin
PATH: /sbin
PATH: /bin
PATH: /usr/games
PATH: /usr/local/games
PATH: /snap/bin


## ----------- ##
## Core tests. ##
## ----------- ##

configure:1354: checking for a BSD-compatible install
configure:1409: result: /usr/bin/install -c
configure:1420: checking whether build environment is sane
configure:1463: result: yes
configure:1496: checking for gawk
configure:1512: found /usr/bin/gawk
configure:1522: result: gawk
configure:1532: checking whether make sets $(MAKE)
configure:1552: result: yes
configure:1713: checking for gawk
configure:1739: result: gawk
configure:1795: checking for gcc
configure:1811: found /usr/bin/gcc
configure:1821: result: gcc
configure:2065: checking for C compiler version
configure:2068: gcc --version </dev/null >&5
gcc (Ubuntu 7.4.0-1ubuntu1~18.04.1) 7.4.0
Copyright (C) 2017 Free Software Foundation, Inc.
This is free software; see the source for copying conditions.  There is NO
warranty; not even for MERCHANTABILITY or FITNESS FOR A PARTICULAR PURPOSE.

configure:2071: $? = 0
configure:2073: gcc -v </dev/null >&5
Using built-in specs.
COLLECT_GCC=gcc
COLLECT_LTO_WRAPPER=/usr/lib/gcc/x86_64-linux-gnu/7/lto-wrapper
OFFLOAD_TARGET_NAMES=nvptx-none
OFFLOAD_TARGET_DEFAULT=1
Target: x86_64-linux-gnu
Configured with: ../src/configure -v --with-pkgversion='Ubuntu 7.4.0-1ubuntu1~18.04.1' --with-bugurl=file:///usr/share/doc/gcc-7/README.Bugs --enable-languages=c,ada,c++,go,brig,d,fortran,objc,obj-c++ --prefix=/usr --with-gcc-major-version-only --program-suffix=-7 --program-prefix=x86_64-linux-gnu- --enable-shared --enable-linker-build-id --libexecdir=/usr/lib --without-included-gettext --enable-threads=posix --libdir=/usr/lib --enable-nls --with-sysroot=/ --enable-clocale=gnu --enable-libstdcxx-debug --enable-libstdcxx-time=yes --with-default-libstdcxx-abi=new --enable-gnu-unique-object --disable-vtable-verify --enable-libmpx --enable-plugin --enable-default-pie --with-system-zlib --with-target-system-zlib --enable-objc-gc=auto --enable-multiarch --disable-werror --with-arch-32=i686 --with-abi=m64 --with-multilib-list=m32,m64,mx32 --enable-multilib --with-tune=generic --enable-offload-targets=nvptx-none --without-cuda-driver --enable-checking=release --build=x86_64-linux-gnu --host=x86_64-linux-gnu --target=x86_64-linux-gnu
Thread model: posix
gcc version 7.4.0 (Ubuntu 7.4.0-1ubuntu1~18.04.1) 
configure:2076: $? = 0
configure:2078: gcc -V </dev/null >&5
gcc: error: unrecognized command line option '-V'
gcc: fatal error: no input files
compilation terminated.
configure:2081: $? = 1
configure:2104: checking for C compiler default output file name
configure:2107: gcc    conftest.c  >&5
configure:2110: $? = 0
configure:2156: result: a.out
configure:2161: checking whether the C compiler works
configure:2167: ./a.out
configure:2170: $? = 0
configure:2187: result: yes
configure:2194: checking whether we are cross compiling
configure:2196: result: no
configure:2199: checking for suffix of executables
configure:2201: gcc -o conftest    conftest.c  >&5
configure:2204: $? = 0
configure:2229: result: 
configure:2235: checking for suffix of object files
configure:2256: gcc -c   conftest.c >&5
configure:2259: $? = 0
configure:2281: result: o
configure:2285: checking whether we are using the GNU C compiler
configure:2309: gcc -c   conftest.c >&5
configure:2315: $? = 0
configure:2319: test -z 
			 || test ! -s conftest.err
configure:2322: $? = 0
configure:2325: test -s conftest.o
configure:2328: $? = 0
configure:2341: result: yes
configure:2347: checking whether gcc accepts -g
configure:2368: gcc -c -g  conftest.c >&5
configure:2374: $? = 0
configure:2378: test -z 
			 || test ! -s conftest.err
configure:2381: $? = 0
configure:2384: test -s conftest.o
configure:2387: $? = 0
configure:2398: result: yes
configure:2415: checking for gcc option to accept ANSI C
configure:2485: gcc  -c -g -O2  conftest.c >&5
configure:2491: $? = 0
configure:2495: test -z 
			 || test ! -s conftest.err
configure:2498: $? = 0
configure:2501: test -s conftest.o
configure:2504: $? = 0
configure:2522: result: none needed
configure:2540: gcc -c -g -O2  conftest.c >&5
conftest.c:2:3: error: unknown type name 'choke'
   choke me
   ^~~~~
conftest.c:2:3: error: expected '=', ',', ';', 'asm' or '__attribute__' at end of input
configure:2546: $? = 1
configure: failed program was:
| #ifndef __cplusplus
|   choke me
| #endif
configure:2698: checking for style of include used by make
configure:2726: result: GNU
configure:2754: checking dependency style of gcc
configure:2816: result: gcc3
configure:2845: checking for pkg-config
configure:2863: found /usr/bin/pkg-config
configure:2876: result: /usr/bin/pkg-config
configure:2897: checking for GTK+ - version >= 2.0.0
configure:3042: result: no
configure:3075: gcc -o conftest -g -O2    conftest.c   >&5
conftest.c:12:10: fatal error: gtk/gtk.h: No such file or directory
 #include <gtk/gtk.h>
          ^~~~~~~~~~~
compilation terminated.
configure:3081: $? = 1
configure: failed program was:
| /* confdefs.h.  */
| 
| #define PACKAGE_NAME ""
| #define PACKAGE_TARNAME ""
| #define PACKAGE_VERSION ""
| #define PACKAGE_STRING ""
| #define PACKAGE_BUGREPORT ""
| #define PACKAGE "freevamp"
| #define VERSION "0.9.3"
| /* end confdefs.h.  */
| 
| #include <gtk/gtk.h>
| #include <stdio.h>
| 
| int
| main ()
| {
|  return ((gtk_major_version) || (gtk_minor_version) || (gtk_micro_version));
|   ;
|   return 0;
| }
configure:3142: checking for msgfmt
configure:3170: result: /usr/bin/msgfmt
configure:3179: checking for gmsgfmt
configure:3210: result: /usr/bin/msgfmt
configure:3220: checking for xgettext
configure:3248: result: /usr/bin/xgettext
configure:3259: checking for msgmerge
configure:3286: result: /usr/bin/msgmerge
configure:3327: checking build system type
configure:3345: result: x86_64-unknown-linux-gnu
configure:3353: checking host system type
configure:3367: result: x86_64-unknown-linux-gnu
configure:3416: checking for ranlib
configure:3432: found /usr/bin/ranlib
configure:3443: result: ranlib
configure:3456: checking for strerror in -lcposix
configure:3486: gcc -o conftest -g -O2   conftest.c -lcposix   >&5
/usr/bin/ld: cannot find -lcposix
collect2: error: ld returned 1 exit status
configure:3492: $? = 1
configure: failed program was:
| /* confdefs.h.  */
| 
| #define PACKAGE_NAME ""
| #define PACKAGE_TARNAME ""
| #define PACKAGE_VERSION ""
| #define PACKAGE_STRING ""
| #define PACKAGE_BUGREPORT ""
| #define PACKAGE "freevamp"
| #define VERSION "0.9.3"
| /* end confdefs.h.  */
| 
| /* Override any gcc2 internal prototype to avoid an error.  */
| #ifdef __cplusplus
| extern "C"
| #endif
| /* We use char because int might match the return type of a gcc2
|    builtin and then its argument prototype would still apply.  */
| char strerror ();
| int
| main ()
| {
| strerror ();
|   ;
|   return 0;
| }
configure:3518: result: no
configure:3531: checking how to run the C preprocessor
configure:3566: gcc -E  conftest.c
configure:3572: $? = 0
configure:3604: gcc -E  conftest.c
conftest.c:11:10: fatal error: ac_nonexistent.h: No such file or directory
 #include <ac_nonexistent.h>
          ^~~~~~~~~~~~~~~~~~
compilation terminated.
configure:3610: $? = 1
configure: failed program was:
| /* confdefs.h.  */
| 
| #define PACKAGE_NAME ""
| #define PACKAGE_TARNAME ""
| #define PACKAGE_VERSION ""
| #define PACKAGE_STRING ""
| #define PACKAGE_BUGREPORT ""
| #define PACKAGE "freevamp"
| #define VERSION "0.9.3"
| /* end confdefs.h.  */
| #include <ac_nonexistent.h>
configure:3649: result: gcc -E
configure:3673: gcc -E  conftest.c
configure:3679: $? = 0
configure:3711: gcc -E  conftest.c
conftest.c:11:10: fatal error: ac_nonexistent.h: No such file or directory
 #include <ac_nonexistent.h>
          ^~~~~~~~~~~~~~~~~~
compilation terminated.
configure:3717: $? = 1
configure: failed program was:
| /* confdefs.h.  */
| 
| #define PACKAGE_NAME ""
| #define PACKAGE_TARNAME ""
| #define PACKAGE_VERSION ""
| #define PACKAGE_STRING ""
| #define PACKAGE_BUGREPORT ""
| #define PACKAGE "freevamp"
| #define VERSION "0.9.3"
| /* end confdefs.h.  */
| #include <ac_nonexistent.h>
configure:3761: checking for egrep
configure:3771: result: grep -E
configure:3776: checking for ANSI C header files
configure:3801: gcc -c -g -O2  conftest.c >&5
configure:3807: $? = 0
configure:3811: test -z 
			 || test ! -s conftest.err
configure:3814: $? = 0
configure:3817: test -s conftest.o
configure:3820: $? = 0
configure:3909: gcc -o conftest -g -O2   conftest.c  >&5
conftest.c: In function 'main':
conftest.c:28:7: warning: implicit declaration of function 'exit' [-Wimplicit-function-declaration]
       exit(2);
       ^~~~
conftest.c:28:7: warning: incompatible implicit declaration of built-in function 'exit'
conftest.c:28:7: note: include '<stdlib.h>' or provide a declaration of 'exit'
conftest.c:29:3: warning: incompatible implicit declaration of built-in function 'exit'
   exit (0);
   ^~~~
conftest.c:29:3: note: include '<stdlib.h>' or provide a declaration of 'exit'
configure:3912: $? = 0
configure:3914: ./conftest
configure:3917: $? = 0
configure:3932: result: yes
configure:3942: checking for an ANSI C-conforming const
configure:4009: gcc -c -g -O2  conftest.c >&5
configure:4015: $? = 0
configure:4019: test -z 
			 || test ! -s conftest.err
configure:4022: $? = 0
configure:4025: test -s conftest.o
configure:4028: $? = 0
configure:4039: result: yes
configure:4049: checking for inline
configure:4070: gcc -c -g -O2  conftest.c >&5
configure:4076: $? = 0
configure:4080: test -z 
			 || test ! -s conftest.err
configure:4083: $? = 0
configure:4086: test -s conftest.o
configure:4089: $? = 0
configure:4101: result: inline
configure:4134: checking for sys/types.h
configure:4150: gcc -c -g -O2  conftest.c >&5
configure:4156: $? = 0
configure:4160: test -z 
			 || test ! -s conftest.err
configure:4163: $? = 0
configure:4166: test -s conftest.o
configure:4169: $? = 0
configure:4180: result: yes
configure:4134: checking for sys/stat.h
configure:4150: gcc -c -g -O2  conftest.c >&5
configure:4156: $? = 0
configure:4160: test -z 
			 || test ! -s conftest.err
configure:4163: $? = 0
configure:4166: test -s conftest.o
configure:4169: $? = 0
configure:4180: result: yes
configure:4134: checking for stdlib.h
configure:4150: gcc -c -g -O2  conftest.c >&5
configure:4156: $? = 0
configure:4160: test -z 
			 || test ! -s conftest.err
configure:4163: $? = 0
configure:4166: test -s conftest.o
configure:4169: $? = 0
configure:4180: result: yes
configure:4134: checking for string.h
configure:4150: gcc -c -g -O2  conftest.c >&5
configure:4156: $? = 0
configure:4160: test -z 
			 || test ! -s conftest.err
configure:4163: $? = 0
configure:4166: test -s conftest.o
configure:4169: $? = 0
configure:4180: result: yes
configure:4134: checking for memory.h
configure:4150: gcc -c -g -O2  conftest.c >&5
configure:4156: $? = 0
configure:4160: test -z 
			 || test ! -s conftest.err
configure:4163: $? = 0
configure:4166: test -s conftest.o
configure:4169: $? = 0
configure:4180: result: yes
configure:4134: checking for strings.h
configure:4150: gcc -c -g -O2  conftest.c >&5
configure:4156: $? = 0
configure:4160: test -z 
			 || test ! -s conftest.err
configure:4163: $? = 0
configure:4166: test -s conftest.o
configure:4169: $? = 0
configure:4180: result: yes
configure:4134: checking for inttypes.h
configure:4150: gcc -c -g -O2  conftest.c >&5
configure:4156: $? = 0
configure:4160: test -z 
			 || test ! -s conftest.err
configure:4163: $? = 0
configure:4166: test -s conftest.o
configure:4169: $? = 0
configure:4180: result: yes
configure:4134: checking for stdint.h
configure:4150: gcc -c -g -O2  conftest.c >&5
configure:4156: $? = 0
configure:4160: test -z 
			 || test ! -s conftest.err
configure:4163: $? = 0
configure:4166: test -s conftest.o
configure:4169: $? = 0
configure:4180: result: yes
configure:4134: checking for unistd.h
configure:4150: gcc -c -g -O2  conftest.c >&5
configure:4156: $? = 0
configure:4160: test -z 
			 || test ! -s conftest.err
configure:4163: $? = 0
configure:4166: test -s conftest.o
configure:4169: $? = 0
configure:4180: result: yes
configure:4192: checking for off_t
configure:4216: gcc -c -g -O2  conftest.c >&5
configure:4222: $? = 0
configure:4226: test -z 
			 || test ! -s conftest.err
configure:4229: $? = 0
configure:4232: test -s conftest.o
configure:4235: $? = 0
configure:4246: result: yes
configure:4258: checking for size_t
configure:4282: gcc -c -g -O2  conftest.c >&5
configure:4288: $? = 0
configure:4292: test -z 
			 || test ! -s conftest.err
configure:4295: $? = 0
configure:4298: test -s conftest.o
configure:4301: $? = 0
configure:4312: result: yes
configure:4326: checking for working alloca.h
configure:4347: gcc -o conftest -g -O2   conftest.c  >&5
configure:4353: $? = 0
configure:4357: test -z 
			 || test ! -s conftest.err
configure:4360: $? = 0
configure:4363: test -s conftest
configure:4366: $? = 0
configure:4378: result: yes
configure:4388: checking for alloca
configure:4429: gcc -o conftest -g -O2   conftest.c  >&5
configure:4435: $? = 0
configure:4439: test -z 
			 || test ! -s conftest.err
configure:4442: $? = 0
configure:4445: test -s conftest
configure:4448: $? = 0
configure:4460: result: yes
configure:4689: checking for stdlib.h
configure:4694: result: yes
configure:4689: checking for unistd.h
configure:4694: result: yes
configure:4838: checking for getpagesize
configure:4895: gcc -o conftest -g -O2   conftest.c  >&5
configure:4901: $? = 0
configure:4905: test -z 
			 || test ! -s conftest.err
configure:4908: $? = 0
configure:4911: test -s conftest
configure:4914: $? = 0
configure:4926: result: yes
configure:4936: checking for working mmap
configure:5078: gcc -o conftest -g -O2   conftest.c  >&5
configure:5081: $? = 0
configure:5083: ./conftest
configure:5086: $? = 0
configure:5100: result: yes
configure:5112: checking whether we are using the GNU C Library 2.1 or newer
configure:5143: result: yes
configure:5151: checking whether integer division by zero raises SIGFPE
configure:5213: gcc -o conftest -g -O2   conftest.c  >&5
conftest.c:45:5: warning: built-in function 'nan' declared as non-function
 int nan;
     ^~~
configure:5216: $? = 0
configure:5218: ./conftest
configure:5221: $? = 0
configure:5236: result: yes
configure:5249: checking for inttypes.h
configure:5271: gcc -c -g -O2  conftest.c >&5
configure:5277: $? = 0
configure:5281: test -z 
			 || test ! -s conftest.err
configure:5284: $? = 0
configure:5287: test -s conftest.o
configure:5290: $? = 0
configure:5301: result: yes
configure:5312: checking for stdint.h
configure:5334: gcc -c -g -O2  conftest.c >&5
configure:5340: $? = 0
configure:5344: test -z 
			 || test ! -s conftest.err
configure:5347: $? = 0
configure:5350: test -s conftest.o
configure:5353: $? = 0
configure:5364: result: yes
configure:5375: checking for unsigned long long
configure:5397: gcc -o conftest -g -O2   conftest.c  >&5
configure:5403: $? = 0
configure:5407: test -z 
			 || test ! -s conftest.err
configure:5410: $? = 0
configure:5413: test -s conftest
configure:5416: $? = 0
configure:5428: result: yes
configure:5454: checking for inttypes.h
configure:5477: gcc -c -g -O2  conftest.c >&5
configure:5483: $? = 0
configure:5487: test -z 
			 || test ! -s conftest.err
configure:5490: $? = 0
configure:5493: test -s conftest.o
configure:5496: $? = 0
configure:5508: result: yes
configure:5521: checking whether the inttypes.h PRIxNN macros are broken
configure:5547: gcc -c -g -O2  conftest.c >&5
configure:5553: $? = 0
configure:5557: test -z 
			 || test ! -s conftest.err
configure:5560: $? = 0
configure:5563: test -s conftest.o
configure:5566: $? = 0
configure:5578: result: no
configure:5616: checking for ld used by GCC
configure:5679: result: /usr/bin/ld
configure:5688: checking if the linker (/usr/bin/ld) is GNU ld
GNU ld (GNU Binutils for Ubuntu) 2.30
configure:5700: result: yes
configure:5706: checking for shared library run path origin
configure:5719: result: done
configure:6147: checking argz.h usability
configure:6159: gcc -c -g -O2  conftest.c >&5
configure:6165: $? = 0
configure:6169: test -z 
			 || test ! -s conftest.err
configure:6172: $? = 0
configure:6175: test -s conftest.o
configure:6178: $? = 0
configure:6188: result: yes
configure:6192: checking argz.h presence
configure:6202: gcc -E  conftest.c
configure:6208: $? = 0
configure:6228: result: yes
configure:6263: checking for argz.h
configure:6270: result: yes
configure:6147: checking limits.h usability
configure:6159: gcc -c -g -O2  conftest.c >&5
configure:6165: $? = 0
configure:6169: test -z 
			 || test ! -s conftest.err
configure:6172: $? = 0
configure:6175: test -s conftest.o
configure:6178: $? = 0
configure:6188: result: yes
configure:6192: checking limits.h presence
configure:6202: gcc -E  conftest.c
configure:6208: $? = 0
configure:6228: result: yes
configure:6263: checking for limits.h
configure:6270: result: yes
configure:6147: checking locale.h usability
configure:6159: gcc -c -g -O2  conftest.c >&5
configure:6165: $? = 0
configure:6169: test -z 
			 || test ! -s conftest.err
configure:6172: $? = 0
configure:6175: test -s conftest.o
configure:6178: $? = 0
configure:6188: result: yes
configure:6192: checking locale.h presence
configure:6202: gcc -E  conftest.c
configure:6208: $? = 0
configure:6228: result: yes
configure:6263: checking for locale.h
configure:6270: result: yes
configure:6147: checking nl_types.h usability
configure:6159: gcc -c -g -O2  conftest.c >&5
configure:6165: $? = 0
configure:6169: test -z 
			 || test ! -s conftest.err
configure:6172: $? = 0
configure:6175: test -s conftest.o
configure:6178: $? = 0
configure:6188: result: yes
configure:6192: checking nl_types.h presence
configure:6202: gcc -E  conftest.c
configure:6208: $? = 0
configure:6228: result: yes
configure:6263: checking for nl_types.h
configure:6270: result: yes
configure:6147: checking malloc.h usability
configure:6159: gcc -c -g -O2  conftest.c >&5
configure:6165: $? = 0
configure:6169: test -z 
			 || test ! -s conftest.err
configure:6172: $? = 0
configure:6175: test -s conftest.o
configure:6178: $? = 0
configure:6188: result: yes
configure:6192: checking malloc.h presence
configure:6202: gcc -E  conftest.c
configure:6208: $? = 0
configure:6228: result: yes
configure:6263: checking for malloc.h
configure:6270: result: yes
configure:6147: checking stddef.h usability
configure:6159: gcc -c -g -O2  conftest.c >&5
configure:6165: $? = 0
configure:6169: test -z 
			 || test ! -s conftest.err
configure:6172: $? = 0
configure:6175: test -s conftest.o
configure:6178: $? = 0
configure:6188: result: yes
configure:6192: checking stddef.h presence
configure:6202: gcc -E  conftest.c
configure:6208: $? = 0
configure:6228: result: yes
configure:6263: checking for stddef.h
configure:6270: result: yes
configure:6138: checking for stdlib.h
configure:6143: result: yes
configure:6138: checking for string.h
configure:6143: result: yes
configure:6138: checking for unistd.h
configure:6143: result: yes
configure:6147: checking sys/param.h usability
configure:6159: gcc -c -g -O2  conftest.c >&5
configure:6165: $? = 0
configure:6169: test -z 
			 || test ! -s conftest.err
configure:6172: $? = 0
configure:6175: test -s conftest.o
configure:6178: $? = 0
configure:6188: result: yes
configure:6192: checking sys/param.h presence
configure:6202: gcc -E  conftest.c
configure:6208: $? = 0
configure:6228: result: yes
configure:6263: checking for sys/param.h
configure:6270: result: yes
configure:6309: checking for feof_unlocked
configure:6366: gcc -o conftest -g -O2   conftest.c  >&5
configure:6372: $? = 0
configure:6376: test -z 
			 || test ! -s conftest.err
configure:6379: $? = 0
configure:6382: test -s conftest
configure:6385: $? = 0
configure:6397: result: yes
configure:6309: checking for fgets_unlocked
configure:6366: gcc -o conftest -g -O2   conftest.c  >&5
configure:6372: $? = 0
configure:6376: test -z 
			 || test ! -s conftest.err
configure:6379: $? = 0
configure:6382: test -s conftest
configure:6385: $? = 0
configure:6397: result: yes
configure:6309: checking for getc_unlocked
configure:6366: gcc -o conftest -g -O2   conftest.c  >&5
configure:6372: $? = 0
configure:6376: test -z 
			 || test ! -s conftest.err
configure:6379: $? = 0
configure:6382: test -s conftest
configure:6385: $? = 0
configure:6397: result: yes
configure:6309: checking for getcwd
configure:6366: gcc -o conftest -g -O2   conftest.c  >&5
configure:6372: $? = 0
configure:6376: test -z 
			 || test ! -s conftest.err
configure:6379: $? = 0
configure:6382: test -s conftest
configure:6385: $? = 0
configure:6397: result: yes
configure:6309: checking for getegid
configure:6366: gcc -o conftest -g -O2   conftest.c  >&5
configure:6372: $? = 0
configure:6376: test -z 
			 || test ! -s conftest.err
configure:6379: $? = 0
configure:6382: test -s conftest
configure:6385: $? = 0
configure:6397: result: yes
configure:6309: checking for geteuid
configure:6366: gcc -o conftest -g -O2   conftest.c  >&5
configure:6372: $? = 0
configure:6376: test -z 
			 || test ! -s conftest.err
configure:6379: $? = 0
configure:6382: test -s conftest
configure:6385: $? = 0
configure:6397: result: yes
configure:6309: checking for getgid
configure:6366: gcc -o conftest -g -O2   conftest.c  >&5
configure:6372: $? = 0
configure:6376: test -z 
			 || test ! -s conftest.err
configure:6379: $? = 0
configure:6382: test -s conftest
configure:6385: $? = 0
configure:6397: result: yes
configure:6309: checking for getuid
configure:6366: gcc -o conftest -g -O2   conftest.c  >&5
configure:6372: $? = 0
configure:6376: test -z 
			 || test ! -s conftest.err
configure:6379: $? = 0
configure:6382: test -s conftest
configure:6385: $? = 0
configure:6397: result: yes
configure:6309: checking for mempcpy
configure:6366: gcc -o conftest -g -O2   conftest.c  >&5
conftest.c:74:6: warning: conflicting types for built-in function 'mempcpy' [-Wbuiltin-declaration-mismatch]
 char mempcpy ();
      ^~~~~~~
configure:6372: $? = 0
configure:6376: test -z 
			 || test ! -s conftest.err
configure:6379: $? = 0
configure:6382: test -s conftest
configure:6385: $? = 0
configure:6397: result: yes
configure:6309: checking for munmap
configure:6366: gcc -o conftest -g -O2   conftest.c  >&5
configure:6372: $? = 0
configure:6376: test -z 
			 || test ! -s conftest.err
configure:6379: $? = 0
configure:6382: test -s conftest
configure:6385: $? = 0
configure:6397: result: yes
configure:6309: checking for putenv
configure:6366: gcc -o conftest -g -O2   conftest.c  >&5
configure:6372: $? = 0
configure:6376: test -z 
			 || test ! -s conftest.err
configure:6379: $? = 0
configure:6382: test -s conftest
configure:6385: $? = 0
configure:6397: result: yes
configure:6309: checking for setenv
configure:6366: gcc -o conftest -g -O2   conftest.c  >&5
configure:6372: $? = 0
configure:6376: test -z 
			 || test ! -s conftest.err
configure:6379: $? = 0
configure:6382: test -s conftest
configure:6385: $? = 0
configure:6397: result: yes
configure:6309: checking for setlocale
configure:6366: gcc -o conftest -g -O2   conftest.c  >&5
configure:6372: $? = 0
configure:6376: test -z 
			 || test ! -s conftest.err
configure:6379: $? = 0
configure:6382: test -s conftest
configure:6385: $? = 0
configure:6397: result: yes
configure:6309: checking for stpcpy
configure:6366: gcc -o conftest -g -O2   conftest.c  >&5
conftest.c:79:6: warning: conflicting types for built-in function 'stpcpy' [-Wbuiltin-declaration-mismatch]
 char stpcpy ();
      ^~~~~~
configure:6372: $? = 0
configure:6376: test -z 
			 || test ! -s conftest.err
configure:6379: $? = 0
configure:6382: test -s conftest
configure:6385: $? = 0
configure:6397: result: yes
configure:6309: checking for strcasecmp
configure:6366: gcc -o conftest -g -O2   conftest.c  >&5
conftest.c:80:6: warning: conflicting types for built-in function 'strcasecmp' [-Wbuiltin-declaration-mismatch]
 char strcasecmp ();
      ^~~~~~~~~~
configure:6372: $? = 0
configure:6376: test -z 
			 || test ! -s conftest.err
configure:6379: $? = 0
configure:6382: test -s conftest
configure:6385: $? = 0
configure:6397: result: yes
configure:6309: checking for strdup
configure:6366: gcc -o conftest -g -O2   conftest.c  >&5
conftest.c:81:6: warning: conflicting types for built-in function 'strdup' [-Wbuiltin-declaration-mismatch]
 char strdup ();
      ^~~~~~
configure:6372: $? = 0
configure:6376: test -z 
			 || test ! -s conftest.err
configure:6379: $? = 0
configure:6382: test -s conftest
configure:6385: $? = 0
configure:6397: result: yes
configure:6309: checking for strtoul
configure:6366: gcc -o conftest -g -O2   conftest.c  >&5
configure:6372: $? = 0
configure:6376: test -z 
			 || test ! -s conftest.err
configure:6379: $? = 0
configure:6382: test -s conftest
configure:6385: $? = 0
configure:6397: result: yes
configure:6309: checking for tsearch
configure:6366: gcc -o conftest -g -O2   conftest.c  >&5
configure:6372: $? = 0
configure:6376: test -z 
			 || test ! -s conftest.err
configure:6379: $? = 0
configure:6382: test -s conftest
configure:6385: $? = 0
configure:6397: result: yes
configure:6309: checking for __argz_count
configure:6366: gcc -o conftest -g -O2   conftest.c  >&5
configure:6372: $? = 0
configure:6376: test -z 
			 || test ! -s conftest.err
configure:6379: $? = 0
configure:6382: test -s conftest
configure:6385: $? = 0
configure:6397: result: yes
configure:6309: checking for __argz_stringify
configure:6366: gcc -o conftest -g -O2   conftest.c  >&5
configure:6372: $? = 0
configure:6376: test -z 
			 || test ! -s conftest.err
configure:6379: $? = 0
configure:6382: test -s conftest
configure:6385: $? = 0
configure:6397: result: yes
configure:6309: checking for __argz_next
configure:6366: gcc -o conftest -g -O2   conftest.c  >&5
configure:6372: $? = 0
configure:6376: test -z 
			 || test ! -s conftest.err
configure:6379: $? = 0
configure:6382: test -s conftest
configure:6385: $? = 0
configure:6397: result: yes
configure:6438: checking for iconv
configure:6465: gcc -o conftest -g -O2   conftest.c  >&5
configure:6471: $? = 0
configure:6475: test -z 
			 || test ! -s conftest.err
configure:6478: $? = 0
configure:6481: test -s conftest
configure:6484: $? = 0
configure:6550: result: yes
configure:6573: checking for iconv declaration
configure:6607: gcc -c -g -O2  conftest.c >&5
configure:6613: $? = 0
configure:6617: test -z 
			 || test ! -s conftest.err
configure:6620: $? = 0
configure:6623: test -s conftest.o
configure:6626: $? = 0
configure:6641: result: 
         extern size_t iconv (iconv_t cd, char * *inbuf, size_t *inbytesleft, char * *outbuf, size_t *outbytesleft);
configure:6652: checking for nl_langinfo and CODESET
configure:6673: gcc -o conftest -g -O2   conftest.c  >&5
configure:6679: $? = 0
configure:6683: test -z 
			 || test ! -s conftest.err
configure:6686: $? = 0
configure:6689: test -s conftest
configure:6692: $? = 0
configure:6705: result: yes
configure:6717: checking for LC_MESSAGES
configure:6738: gcc -o conftest -g -O2   conftest.c  >&5
configure:6744: $? = 0
configure:6748: test -z 
			 || test ! -s conftest.err
configure:6751: $? = 0
configure:6754: test -s conftest
configure:6757: $? = 0
configure:6769: result: yes
configure:6785: checking for bison
configure:6814: result: no
configure:6854: checking whether NLS is requested
configure:6863: result: yes
configure:6878: checking whether included gettext is requested
configure:6888: result: no
configure:6899: checking for GNU gettext in libc
configure:6923: gcc -o conftest -g -O2   conftest.c  >&5
conftest.c: In function 'main':
conftest.c:74:8: warning: cast from pointer to integer of different size [-Wpointer-to-int-cast]
 return (int) gettext ("") + _nl_msg_cat_cntr + *_nl_domain_bindings
        ^
configure:6929: $? = 0
configure:6933: test -z 
			 || test ! -s conftest.err
configure:6936: $? = 0
configure:6939: test -s conftest
configure:6942: $? = 0
configure:6954: result: yes
configure:7692: creating ./config.status

## ---------------------- ##
## Running config.status. ##
## ---------------------- ##

This file was extended by config.status, which was
generated by GNU Autoconf 2.59.  Invocation command line was

  CONFIG_FILES    = 
  CONFIG_HEADERS  = 
  CONFIG_LINKS    = 
  CONFIG_COMMANDS = 
  $ ./config.status 

on joenix

config.status:730: creating Makefile
config.status:730: creating intl/Makefile
config.status:730: creating po/Makefile.in
config.status:730: creating po/Makefile
config.status:730: creating m4/Makefile
config.status:834: creating config.h
config.status:1220: executing depfiles commands
config.status:1220: executing default-1 commands

## ---------------- ##
## Cache variables. ##
## ---------------- ##

ac_cv_build=x86_64-unknown-linux-gnu
ac_cv_build_alias=x86_64-unknown-linux-gnu
ac_cv_c_compiler_gnu=yes
ac_cv_c_const=yes
ac_cv_c_inline=inline
ac_cv_env_CC_set=
ac_cv_env_CC_value=
ac_cv_env_CFLAGS_set=
ac_cv_env_CFLAGS_value=
ac_cv_env_CPPFLAGS_set=
ac_cv_env_CPPFLAGS_value=
ac_cv_env_CPP_set=
ac_cv_env_CPP_value=
ac_cv_env_LDFLAGS_set=
ac_cv_env_LDFLAGS_value=
ac_cv_env_build_alias_set=
ac_cv_env_build_alias_value=
ac_cv_env_host_alias_set=
ac_cv_env_host_alias_value=
ac_cv_env_target_alias_set=
ac_cv_env_target_alias_value=
ac_cv_exeext=
ac_cv_func___argz_count=yes
ac_cv_func___argz_next=yes
ac_cv_func___argz_stringify=yes
ac_cv_func_alloca_works=yes
ac_cv_func_feof_unlocked=yes
ac_cv_func_fgets_unlocked=yes
ac_cv_func_getc_unlocked=yes
ac_cv_func_getcwd=yes
ac_cv_func_getegid=yes
ac_cv_func_geteuid=yes
ac_cv_func_getgid=yes
ac_cv_func_getpagesize=yes
ac_cv_func_getuid=yes
ac_cv_func_mempcpy=yes
ac_cv_func_mmap_fixed_mapped=yes
ac_cv_func_munmap=yes
ac_cv_func_putenv=yes
ac_cv_func_setenv=yes
ac_cv_func_setlocale=yes
ac_cv_func_stpcpy=yes
ac_cv_func_strcasecmp=yes
ac_cv_func_strdup=yes
ac_cv_func_strtoul=yes
ac_cv_func_tsearch=yes
ac_cv_gnu_library_2_1=yes
ac_cv_header_argz_h=yes
ac_cv_header_inttypes_h=yes
ac_cv_header_limits_h=yes
ac_cv_header_locale_h=yes
ac_cv_header_malloc_h=yes
ac_cv_header_memory_h=yes
ac_cv_header_nl_types_h=yes
ac_cv_header_stdc=yes
ac_cv_header_stddef_h=yes
ac_cv_header_stdint_h=yes
ac_cv_header_stdlib_h=yes
ac_cv_header_string_h=yes
ac_cv_header_strings_h=yes
ac_cv_header_sys_param_h=yes
ac_cv_header_sys_stat_h=yes
ac_cv_header_sys_types_h=yes
ac_cv_header_unistd_h=yes
ac_cv_host=x86_64-unknown-linux-gnu
ac_cv_host_alias=x86_64-unknown-linux-gnu
ac_cv_lib_cposix_strerror=no
ac_cv_objext=o
ac_cv_path_GMSGFMT=/usr/bin/msgfmt
ac_cv_path_MSGFMT=/usr/bin/msgfmt
ac_cv_path_MSGMERGE=/usr/bin/msgmerge
ac_cv_path_PKG_CONFIG=/usr/bin/pkg-config
ac_cv_path_XGETTEXT=/usr/bin/xgettext
ac_cv_path_install='/usr/bin/install -c'
ac_cv_prog_AWK=gawk
ac_cv_prog_CPP='gcc -E'
ac_cv_prog_ac_ct_CC=gcc
ac_cv_prog_ac_ct_RANLIB=ranlib
ac_cv_prog_cc_g=yes
ac_cv_prog_cc_stdc=
ac_cv_prog_egrep='grep -E'
ac_cv_prog_make_make_set=yes
ac_cv_type_off_t=yes
ac_cv_type_size_t=yes
ac_cv_type_unsigned_long_long=yes
ac_cv_working_alloca_h=yes
acl_cv_hardcode_direct=no
acl_cv_hardcode_libdir_flag_spec='${wl}-rpath ${wl}$libdir'
acl_cv_hardcode_libdir_separator=
acl_cv_hardcode_minus_L=no
acl_cv_libext=a
acl_cv_path_LD=/usr/bin/ld
acl_cv_prog_gnu_ld=yes
acl_cv_rpath=done
acl_cv_shlibext=so
acl_cv_sys_lib_dlsearch_path_spec='/lib /usr/lib'
acl_cv_sys_lib_search_path_spec='/lib /usr/lib /usr/local/lib'
acl_cv_wl=-Wl,
am_cv_CC_dependencies_compiler_type=gcc3
am_cv_func_iconv=yes
am_cv_langinfo_codeset=yes
am_cv_lib_iconv=no
am_cv_proto_iconv='extern size_t iconv (iconv_t cd, char * *inbuf, size_t *inbytesleft, char * *outbuf, size_t *outbytesleft);'
am_cv_proto_iconv_arg1=
am_cv_val_LC_MESSAGES=yes
gt_cv_func_gnugettext1_libc=yes
gt_cv_header_inttypes_h=yes
gt_cv_int_divbyzero_sigfpe=yes
gt_cv_inttypes_pri_broken=no
jm_ac_cv_header_inttypes_h=yes
jm_ac_cv_header_stdint_h=yes
nls_cv_force_use_gnu_gettext=no
nls_cv_header_intl=
nls_cv_header_libgt=
nls_cv_use_gnu_gettext=no

## ----------------- ##
## Output variables. ##
## ----------------- ##

ACLOCAL='${SHELL} /home/joei/Downloads/freevamp-0.9.3/missing --run aclocal-1.6'
ALLOCA=''
AMDEPBACKSLASH='\'
AMDEP_FALSE='#'
AMDEP_TRUE=''
AMTAR='${SHELL} /home/joei/Downloads/freevamp-0.9.3/missing --run tar'
AUTOCONF='${SHELL} /home/joei/Downloads/freevamp-0.9.3/missing --run autoconf'
AUTOHEADER='${SHELL} /home/joei/Downloads/freevamp-0.9.3/missing --run autoheader'
AUTOMAKE='${SHELL} /home/joei/Downloads/freevamp-0.9.3/missing --run automake-1.6'
AWK='gawk'
BUILD_INCLUDED_LIBINTL='no'
CATOBJEXT='.gmo'
CC='gcc'
CCDEPMODE='depmode=gcc3'
CFLAGS='-g -O2'
CPP='gcc -E'
CPPFLAGS=''
DATADIRNAME='share'
DEFS='-DHAVE_CONFIG_H'
DEPDIR='.deps'
ECHO_C=''
ECHO_N='-n'
ECHO_T=''
EGREP='grep -E'
EXEEXT=''
GENCAT='gencat'
GLIBC21='yes'
GMSGFMT='/usr/bin/msgfmt'
GTK_CFLAGS=''
GTK_LIBS=''
INSTALL_DATA='${INSTALL} -m 644'
INSTALL_PROGRAM='${INSTALL}'
INSTALL_SCRIPT='${INSTALL}'
INSTALL_STRIP_PROGRAM='${SHELL} $(install_sh) -c -s'
INSTOBJEXT='.mo'
INTLBISON=':'
INTLLIBS=''
INTLOBJS=''
INTL_LIBTOOL_SUFFIX_PREFIX=''
LDFLAGS=''
LIBICONV=''
LIBINTL=''
LIBOBJS=''
LIBS=''
LTLIBICONV=''
LTLIBINTL=''
LTLIBOBJS=''
MAKEINFO='${SHELL} /home/joei/Downloads/freevamp-0.9.3/missing --run makeinfo'
MKINSTALLDIRS='./mkinstalldirs'
MSGFMT='/usr/bin/msgfmt'
MSGMERGE='/usr/bin/msgmerge'
OBJEXT='o'
PACKAGE='freevamp'
PACKAGE_BUGREPORT=''
PACKAGE_NAME=''
PACKAGE_STRING=''
PACKAGE_TARNAME=''
PACKAGE_VERSION=''
PATH_SEPARATOR=':'
PKG_CONFIG='/usr/bin/pkg-config'
POSUB='po'
RANLIB='ranlib'
SET_MAKE=''
SHELL='/bin/bash'
STRIP=''
USE_INCLUDED_LIBINTL='no'
USE_NLS='yes'
VERSION='0.9.3'
XGETTEXT='/usr/bin/xgettext'
ac_ct_CC='gcc'
ac_ct_RANLIB='ranlib'
ac_ct_STRIP=''
am__include='include'
am__quote=''
bindir='${exec_prefix}/bin'
build='x86_64-unknown-linux-gnu'
build_alias=''
build_cpu='x86_64'
build_os='linux-gnu'
build_vendor='unknown'
datadir='${prefix}/share'
exec_prefix='${prefix}'
host='x86_64-unknown-linux-gnu'
host_alias=''
host_cpu='x86_64'
host_os='linux-gnu'
host_vendor='unknown'
includedir='${prefix}/include'
infodir='${prefix}/info'
install_sh='/home/joei/Downloads/freevamp-0.9.3/install-sh'
libdir='${exec_prefix}/lib'
libexecdir='${exec_prefix}/libexec'
localstatedir='${prefix}/var'
mandir='${prefix}/man'
oldincludedir='/usr/include'
prefix='/usr/local'
program_transform_name='s,x,x,'
sbindir='${exec_prefix}/sbin'
sharedstatedir='${prefix}/com'
sysconfdir='${prefix}/etc'
target_alias=''

## ----------- ##
## confdefs.h. ##
## ----------- ##

#define ENABLE_NLS 1
#define HAVE_ALLOCA 1
#define HAVE_ALLOCA_H 1
#define HAVE_ARGZ_H 1
#define HAVE_DCGETTEXT 1
#define HAVE_FEOF_UNLOCKED 1
#define HAVE_FGETS_UNLOCKED 1
#define HAVE_GETCWD 1
#define HAVE_GETC_UNLOCKED 1
#define HAVE_GETEGID 1
#define HAVE_GETEUID 1
#define HAVE_GETGID 1
#define HAVE_GETPAGESIZE 1
#define HAVE_GETTEXT 1
#define HAVE_GETUID 1
#define HAVE_ICONV 1
#define HAVE_INTTYPES_H 1
#define HAVE_INTTYPES_H 1
#define HAVE_INTTYPES_H_WITH_UINTMAX 1
#define HAVE_LANGINFO_CODESET 1
#define HAVE_LC_MESSAGES 1
#define HAVE_LIMITS_H 1
#define HAVE_LOCALE_H 1
#define HAVE_MALLOC_H 1
#define HAVE_MEMORY_H 1
#define HAVE_MEMPCPY 1
#define HAVE_MMAP 1
#define HAVE_MUNMAP 1
#define HAVE_NL_TYPES_H 1
#define HAVE_PUTENV 1
#define HAVE_SETENV 1
#define HAVE_SETLOCALE 1
#define HAVE_STDDEF_H 1
#define HAVE_STDINT_H 1
#define HAVE_STDINT_H_WITH_UINTMAX 1
#define HAVE_STDLIB_H 1
#define HAVE_STDLIB_H 1
#define HAVE_STDLIB_H 1
#define HAVE_STPCPY 1
#define HAVE_STRCASECMP 1
#define HAVE_STRDUP 1
#define HAVE_STRINGS_H 1
#define HAVE_STRING_H 1
#define HAVE_STRING_H 1
#define HAVE_STRTOUL 1
#define HAVE_SYS_PARAM_H 1
#define HAVE_SYS_STAT_H 1
#define HAVE_SYS_TYPES_H 1
#define HAVE_TSEARCH 1
#define HAVE_UNISTD_H 1
#define HAVE_UNISTD_H 1
#define HAVE_UNISTD_H 1
#define HAVE_UNSIGNED_LONG_LONG 1
#define HAVE___ARGZ_COUNT 1
#define HAVE___ARGZ_NEXT 1
#define HAVE___ARGZ_STRINGIFY 1
#define ICONV_CONST 
#define INTDIV0_RAISES_SIGFPE 1
#define PACKAGE "freevamp"
#define PACKAGE_BUGREPORT ""
#define PACKAGE_NAME ""
#define PACKAGE_STRING ""
#define PACKAGE_TARNAME ""
#define PACKAGE_VERSION ""
#define STDC_HEADERS 1
#define VERSION "0.9.3"

configure: exit 0
